e:\ffmpeg_qt\ffmpeg_cpp\x64\debug\vc142.pdb
e:\ffmpeg_qt\ffmpeg_cpp\x64\debug\vc142.idb
e:\ffmpeg_qt\ffmpeg_cpp\x64\debug\video_encode_worker.obj
e:\ffmpeg_qt\ffmpeg_cpp\x64\debug\video_decode_worker.obj
e:\ffmpeg_qt\ffmpeg_cpp\x64\debug\mux_worker.obj
e:\ffmpeg_qt\ffmpeg_cpp\x64\debug\media_pipeline.obj
e:\ffmpeg_qt\ffmpeg_cpp\x64\debug\main.obj
e:\ffmpeg_qt\ffmpeg_cpp\x64\debug\demuxer.obj
e:\ffmpeg_qt\ffmpeg_cpp\x64\debug\av_mux_worker.obj
e:\ffmpeg_qt\ffmpeg_cpp\x64\debug\audio_mux_worker.obj
e:\ffmpeg_qt\ffmpeg_cpp\x64\debug\audio_encode_worker.obj
e:\ffmpeg_qt\ffmpeg_cpp\x64\debug\audio_decode_worker.obj
e:\ffmpeg_qt\ffmpeg_cpp\x64\debug\avutil-58.dll
e:\ffmpeg_qt\ffmpeg_cpp\x64\debug\swscale-7.dll
e:\ffmpeg_qt\ffmpeg_cpp\x64\debug\avformat-60.dll
e:\ffmpeg_qt\ffmpeg_cpp\x64\debug\avcodec-60.dll
e:\ffmpeg_qt\ffmpeg_cpp\x64\debug\swresample-4.dll
e:\ffmpeg_qt\ffmpeg_cpp\x64\debug\ffmpeg_cpp.exe
e:\ffmpeg_qt\ffmpeg_cpp\x64\debug\ffmpeg_cpp.ilk
e:\ffmpeg_qt\ffmpeg_cpp\x64\debug\ffmpeg_cpp.pdb
e:\ffmpeg_qt\ffmpeg_cpp\x64\debug\ffmpeg_cpp.tlog\cl.command.1.tlog
e:\ffmpeg_qt\ffmpeg_cpp\x64\debug\ffmpeg_cpp.tlog\cl.read.1.tlog
e:\ffmpeg_qt\ffmpeg_cpp\x64\debug\ffmpeg_cpp.tlog\cl.write.1.tlog
e:\ffmpeg_qt\ffmpeg_cpp\x64\debug\ffmpeg_cpp.tlog\ffmpeg_cpp.write.1u.tlog
e:\ffmpeg_qt\ffmpeg_cpp\x64\debug\ffmpeg_cpp.tlog\link.command.1.tlog
e:\ffmpeg_qt\ffmpeg_cpp\x64\debug\ffmpeg_cpp.tlog\link.read.1.tlog
e:\ffmpeg_qt\ffmpeg_cpp\x64\debug\ffmpeg_cpp.tlog\link.write.1.tlog
